DEBUG 2017-04-12 11:53:38,787 [AWT-EventQueue-0] org.springframework.core.env.StandardEnvironment: Adding [systemProperties] PropertySource with lowest search precedence
DEBUG 2017-04-12 11:53:38,790 [AWT-EventQueue-0] org.springframework.core.env.StandardEnvironment: Adding [systemEnvironment] PropertySource with lowest search precedence
DEBUG 2017-04-12 11:53:38,790 [AWT-EventQueue-0] org.springframework.core.env.StandardEnvironment: Initialized StandardEnvironment with PropertySources [systemProperties,systemEnvironment]
INFO  2017-04-12 11:53:38,859 [AWT-EventQueue-0] org.springframework.context.annotation.AnnotationConfigApplicationContext: Refreshing org.springframework.context.annotation.AnnotationConfigApplicationContext@5a4e30bb: startup date [Wed Apr 12 11:53:38 COT 2017]; root of context hierarchy
DEBUG 2017-04-12 11:53:38,860 [AWT-EventQueue-0] org.springframework.context.annotation.AnnotationConfigApplicationContext: Bean factory for org.springframework.context.annotation.AnnotationConfigApplicationContext@5a4e30bb: org.springframework.beans.factory.support.DefaultListableBeanFactory@57eafab0: defining beans [org.springframework.context.annotation.internalConfigurationAnnotationProcessor,org.springframework.context.annotation.internalAutowiredAnnotationProcessor,org.springframework.context.annotation.internalRequiredAnnotationProcessor,org.springframework.context.annotation.internalCommonAnnotationProcessor,org.springframework.context.event.internalEventListenerProcessor,org.springframework.context.event.internalEventListenerFactory,applicationContext]; root of factory hierarchy
DEBUG 2017-04-12 11:53:38,878 [AWT-EventQueue-0] org.springframework.beans.factory.support.DefaultListableBeanFactory: Creating shared instance of singleton bean 'org.springframework.context.annotation.internalConfigurationAnnotationProcessor'
DEBUG 2017-04-12 11:53:38,878 [AWT-EventQueue-0] org.springframework.beans.factory.support.DefaultListableBeanFactory: Creating instance of bean 'org.springframework.context.annotation.internalConfigurationAnnotationProcessor'
DEBUG 2017-04-12 11:53:38,916 [AWT-EventQueue-0] org.springframework.beans.factory.support.DefaultListableBeanFactory: Eagerly caching bean 'org.springframework.context.annotation.internalConfigurationAnnotationProcessor' to allow for resolving potential circular references
DEBUG 2017-04-12 11:53:38,918 [AWT-EventQueue-0] org.springframework.beans.factory.support.DefaultListableBeanFactory: Finished creating instance of bean 'org.springframework.context.annotation.internalConfigurationAnnotationProcessor'
DEBUG 2017-04-12 11:53:38,936 [AWT-EventQueue-0] org.springframework.core.env.StandardEnvironment: Adding [class path resource [jdbc.properties]] PropertySource with lowest search precedence
DEBUG 2017-04-12 11:53:38,939 [AWT-EventQueue-0] org.springframework.core.io.support.PathMatchingResourcePatternResolver: Resolved classpath location [co/com/sistema/sistemainformacion/] to resources [URL [file:/C:/software/development/netbeansprojects/sistemainformacion/target/classes/co/com/sistema/sistemainformacion/]]
DEBUG 2017-04-12 11:53:38,940 [AWT-EventQueue-0] org.springframework.core.io.support.PathMatchingResourcePatternResolver: Looking for matching resources in directory tree [C:\software\development\netbeansprojects\sistemainformacion\target\classes\co\com\sistema\sistemainformacion]
DEBUG 2017-04-12 11:53:38,940 [AWT-EventQueue-0] org.springframework.core.io.support.PathMatchingResourcePatternResolver: Searching directory [C:\software\development\netbeansprojects\sistemainformacion\target\classes\co\com\sistema\sistemainformacion] for files matching pattern [C:/software/development/netbeansprojects/sistemainformacion/target/classes/co/com/sistema/sistemainformacion/*/**/*.class]
DEBUG 2017-04-12 11:53:38,942 [AWT-EventQueue-0] org.springframework.core.io.support.PathMatchingResourcePatternResolver: Searching directory [C:\software\development\netbeansprojects\sistemainformacion\target\classes\co\com\sistema\sistemainformacion\config] for files matching pattern [C:/software/development/netbeansprojects/sistemainformacion/target/classes/co/com/sistema/sistemainformacion/*/**/*.class]
DEBUG 2017-04-12 11:53:38,943 [AWT-EventQueue-0] org.springframework.core.io.support.PathMatchingResourcePatternResolver: Searching directory [C:\software\development\netbeansprojects\sistemainformacion\target\classes\co\com\sistema\sistemainformacion\dao] for files matching pattern [C:/software/development/netbeansprojects/sistemainformacion/target/classes/co/com/sistema/sistemainformacion/*/**/*.class]
DEBUG 2017-04-12 11:53:38,943 [AWT-EventQueue-0] org.springframework.core.io.support.PathMatchingResourcePatternResolver: Searching directory [C:\software\development\netbeansprojects\sistemainformacion\target\classes\co\com\sistema\sistemainformacion\domain] for files matching pattern [C:/software/development/netbeansprojects/sistemainformacion/target/classes/co/com/sistema/sistemainformacion/*/**/*.class]
DEBUG 2017-04-12 11:53:38,944 [AWT-EventQueue-0] org.springframework.core.io.support.PathMatchingResourcePatternResolver: Searching directory [C:\software\development\netbeansprojects\sistemainformacion\target\classes\co\com\sistema\sistemainformacion\domain\views] for files matching pattern [C:/software/development/netbeansprojects/sistemainformacion/target/classes/co/com/sistema/sistemainformacion/*/**/*.class]
DEBUG 2017-04-12 11:53:38,944 [AWT-EventQueue-0] org.springframework.core.io.support.PathMatchingResourcePatternResolver: Searching directory [C:\software\development\netbeansprojects\sistemainformacion\target\classes\co\com\sistema\sistemainformacion\repository] for files matching pattern [C:/software/development/netbeansprojects/sistemainformacion/target/classes/co/com/sistema/sistemainformacion/*/**/*.class]
DEBUG 2017-04-12 11:53:38,944 [AWT-EventQueue-0] org.springframework.core.io.support.PathMatchingResourcePatternResolver: Searching directory [C:\software\development\netbeansprojects\sistemainformacion\target\classes\co\com\sistema\sistemainformacion\repository\dao] for files matching pattern [C:/software/development/netbeansprojects/sistemainformacion/target/classes/co/com/sistema/sistemainformacion/*/**/*.class]
DEBUG 2017-04-12 11:53:38,945 [AWT-EventQueue-0] org.springframework.core.io.support.PathMatchingResourcePatternResolver: Searching directory [C:\software\development\netbeansprojects\sistemainformacion\target\classes\co\com\sistema\sistemainformacion\repository\impl] for files matching pattern [C:/software/development/netbeansprojects/sistemainformacion/target/classes/co/com/sistema/sistemainformacion/*/**/*.class]
DEBUG 2017-04-12 11:53:38,946 [AWT-EventQueue-0] org.springframework.core.io.support.PathMatchingResourcePatternResolver: Searching directory [C:\software\development\netbeansprojects\sistemainformacion\target\classes\co\com\sistema\sistemainformacion\service] for files matching pattern [C:/software/development/netbeansprojects/sistemainformacion/target/classes/co/com/sistema/sistemainformacion/*/**/*.class]
DEBUG 2017-04-12 11:53:38,946 [AWT-EventQueue-0] org.springframework.core.io.support.PathMatchingResourcePatternResolver: Searching directory [C:\software\development\netbeansprojects\sistemainformacion\target\classes\co\com\sistema\sistemainformacion\service\dao] for files matching pattern [C:/software/development/netbeansprojects/sistemainformacion/target/classes/co/com/sistema/sistemainformacion/*/**/*.class]
DEBUG 2017-04-12 11:53:38,946 [AWT-EventQueue-0] org.springframework.core.io.support.PathMatchingResourcePatternResolver: Searching directory [C:\software\development\netbeansprojects\sistemainformacion\target\classes\co\com\sistema\sistemainformacion\service\impl] for files matching pattern [C:/software/development/netbeansprojects/sistemainformacion/target/classes/co/com/sistema/sistemainformacion/*/**/*.class]
DEBUG 2017-04-12 11:53:38,947 [AWT-EventQueue-0] org.springframework.core.io.support.PathMatchingResourcePatternResolver: Searching directory [C:\software\development\netbeansprojects\sistemainformacion\target\classes\co\com\sistema\sistemainformacion\utils] for files matching pattern [C:/software/development/netbeansprojects/sistemainformacion/target/classes/co/com/sistema/sistemainformacion/*/**/*.class]
DEBUG 2017-04-12 11:53:38,947 [AWT-EventQueue-0] org.springframework.core.io.support.PathMatchingResourcePatternResolver: Searching directory [C:\software\development\netbeansprojects\sistemainformacion\target\classes\co\com\sistema\sistemainformacion\view] for files matching pattern [C:/software/development/netbeansprojects/sistemainformacion/target/classes/co/com/sistema/sistemainformacion/*/**/*.class]
DEBUG 2017-04-12 11:53:38,949 [AWT-EventQueue-0] org.springframework.core.io.support.PathMatchingResourcePatternResolver: Resolved location pattern [classpath*:co/com/sistema/sistemainformacion/*/**/*.class] to resources [file [C:\software\development\netbeansprojects\sistemainformacion\target\classes\co\com\sistema\sistemainformacion\config\ApplicationContext.class], file [C:\software\development\netbeansprojects\sistemainformacion\target\classes\co\com\sistema\sistemainformacion\domain\Permiso.class], file [C:\software\development\netbeansprojects\sistemainformacion\target\classes\co\com\sistema\sistemainformacion\domain\Rol.class], file [C:\software\development\netbeansprojects\sistemainformacion\target\classes\co\com\sistema\sistemainformacion\domain\Usuario.class], file [C:\software\development\netbeansprojects\sistemainformacion\target\classes\co\com\sistema\sistemainformacion\domain\views\SecurityView.class], file [C:\software\development\netbeansprojects\sistemainformacion\target\classes\co\com\sistema\sistemainformacion\repository\dao\SecurityDao.class], file [C:\software\development\netbeansprojects\sistemainformacion\target\classes\co\com\sistema\sistemainformacion\repository\impl\SecurityDaoImpl.class], file [C:\software\development\netbeansprojects\sistemainformacion\target\classes\co\com\sistema\sistemainformacion\service\dao\SecurityServiceDao.class], file [C:\software\development\netbeansprojects\sistemainformacion\target\classes\co\com\sistema\sistemainformacion\service\impl\SecurityServiceDaoImpl.class], file [C:\software\development\netbeansprojects\sistemainformacion\target\classes\co\com\sistema\sistemainformacion\utils\Constantes.class], file [C:\software\development\netbeansprojects\sistemainformacion\target\classes\co\com\sistema\sistemainformacion\utils\InfoLogger.class], file [C:\software\development\netbeansprojects\sistemainformacion\target\classes\co\com\sistema\sistemainformacion\utils\LogginAspect.class], file [C:\software\development\netbeansprojects\sistemainformacion\target\classes\co\com\sistema\sistemainformacion\utils\Util.class], file [C:\software\development\netbeansprojects\sistemainformacion\target\classes\co\com\sistema\sistemainformacion\view\Aplicacion$1.class], file [C:\software\development\netbeansprojects\sistemainformacion\target\classes\co\com\sistema\sistemainformacion\view\Aplicacion$2.class], file [C:\software\development\netbeansprojects\sistemainformacion\target\classes\co\com\sistema\sistemainformacion\view\Aplicacion$3.class], file [C:\software\development\netbeansprojects\sistemainformacion\target\classes\co\com\sistema\sistemainformacion\view\Aplicacion.class], file [C:\software\development\netbeansprojects\sistemainformacion\target\classes\co\com\sistema\sistemainformacion\view\Login$1.class], file [C:\software\development\netbeansprojects\sistemainformacion\target\classes\co\com\sistema\sistemainformacion\view\Login$2.class], file [C:\software\development\netbeansprojects\sistemainformacion\target\classes\co\com\sistema\sistemainformacion\view\Login.class]]
DEBUG 2017-04-12 11:53:38,967 [AWT-EventQueue-0] org.springframework.context.annotation.ClassPathBeanDefinitionScanner: Identified candidate component class: file [C:\software\development\netbeansprojects\sistemainformacion\target\classes\co\com\sistema\sistemainformacion\repository\impl\SecurityDaoImpl.class]
DEBUG 2017-04-12 11:53:38,968 [AWT-EventQueue-0] org.springframework.context.annotation.ClassPathBeanDefinitionScanner: Identified candidate component class: file [C:\software\development\netbeansprojects\sistemainformacion\target\classes\co\com\sistema\sistemainformacion\service\impl\SecurityServiceDaoImpl.class]
DEBUG 2017-04-12 11:53:38,974 [AWT-EventQueue-0] org.springframework.context.annotation.ClassPathBeanDefinitionScanner: Identified candidate component class: file [C:\software\development\netbeansprojects\sistemainformacion\target\classes\co\com\sistema\sistemainformacion\utils\LogginAspect.class]
DEBUG 2017-04-12 11:53:38,995 [AWT-EventQueue-0] org.springframework.context.annotation.ConfigurationClassBeanDefinitionReader: Registering bean definition for @Bean method co.com.sistema.sistemainformacion.config.ApplicationContext.dataSource()
DEBUG 2017-04-12 11:53:38,996 [AWT-EventQueue-0] org.springframework.context.annotation.ConfigurationClassBeanDefinitionReader: Registering bean definition for @Bean method co.com.sistema.sistemainformacion.config.ApplicationContext.jdbcTemplate()
DEBUG 2017-04-12 11:53:38,997 [AWT-EventQueue-0] org.springframework.context.annotation.ConfigurationClassBeanDefinitionReader: Registering bean definition for @Bean method co.com.sistema.sistemainformacion.config.ApplicationContext.myAspect()
DEBUG 2017-04-12 11:53:39,066 [AWT-EventQueue-0] org.springframework.context.annotation.ConfigurationClassEnhancer: Successfully enhanced co.com.sistema.sistemainformacion.config.ApplicationContext; enhanced class name is: co.com.sistema.sistemainformacion.config.ApplicationContext$$EnhancerBySpringCGLIB$$5ef06e10
DEBUG 2017-04-12 11:53:39,066 [AWT-EventQueue-0] org.springframework.context.annotation.ConfigurationClassPostProcessor: Replacing bean definition 'applicationContext' existing class 'co.com.sistema.sistemainformacion.config.ApplicationContext' with enhanced class 'co.com.sistema.sistemainformacion.config.ApplicationContext$$EnhancerBySpringCGLIB$$5ef06e10'
DEBUG 2017-04-12 11:53:39,068 [AWT-EventQueue-0] org.springframework.beans.factory.support.DefaultListableBeanFactory: Creating shared instance of singleton bean 'org.springframework.context.annotation.internalAutowiredAnnotationProcessor'
DEBUG 2017-04-12 11:53:39,068 [AWT-EventQueue-0] org.springframework.beans.factory.support.DefaultListableBeanFactory: Creating instance of bean 'org.springframework.context.annotation.internalAutowiredAnnotationProcessor'
DEBUG 2017-04-12 11:53:39,069 [AWT-EventQueue-0] org.springframework.beans.factory.support.DefaultListableBeanFactory: Eagerly caching bean 'org.springframework.context.annotation.internalAutowiredAnnotationProcessor' to allow for resolving potential circular references
DEBUG 2017-04-12 11:53:39,081 [AWT-EventQueue-0] org.springframework.beans.factory.support.DefaultListableBeanFactory: Finished creating instance of bean 'org.springframework.context.annotation.internalAutowiredAnnotationProcessor'
DEBUG 2017-04-12 11:53:39,081 [AWT-EventQueue-0] org.springframework.beans.factory.support.DefaultListableBeanFactory: Creating shared instance of singleton bean 'org.springframework.context.annotation.internalRequiredAnnotationProcessor'
DEBUG 2017-04-12 11:53:39,082 [AWT-EventQueue-0] org.springframework.beans.factory.support.DefaultListableBeanFactory: Creating instance of bean 'org.springframework.context.annotation.internalRequiredAnnotationProcessor'
DEBUG 2017-04-12 11:53:39,082 [AWT-EventQueue-0] org.springframework.beans.factory.support.DefaultListableBeanFactory: Eagerly caching bean 'org.springframework.context.annotation.internalRequiredAnnotationProcessor' to allow for resolving potential circular references
DEBUG 2017-04-12 11:53:39,085 [AWT-EventQueue-0] org.springframework.beans.factory.support.DefaultListableBeanFactory: Finished creating instance of bean 'org.springframework.context.annotation.internalRequiredAnnotationProcessor'
DEBUG 2017-04-12 11:53:39,085 [AWT-EventQueue-0] org.springframework.beans.factory.support.DefaultListableBeanFactory: Creating shared instance of singleton bean 'org.springframework.context.annotation.internalCommonAnnotationProcessor'
DEBUG 2017-04-12 11:53:39,085 [AWT-EventQueue-0] org.springframework.beans.factory.support.DefaultListableBeanFactory: Creating instance of bean 'org.springframework.context.annotation.internalCommonAnnotationProcessor'
DEBUG 2017-04-12 11:53:39,088 [AWT-EventQueue-0] org.springframework.beans.factory.support.DefaultListableBeanFactory: Eagerly caching bean 'org.springframework.context.annotation.internalCommonAnnotationProcessor' to allow for resolving potential circular references
DEBUG 2017-04-12 11:53:39,093 [AWT-EventQueue-0] org.springframework.beans.factory.support.DefaultListableBeanFactory: Finished creating instance of bean 'org.springframework.context.annotation.internalCommonAnnotationProcessor'
DEBUG 2017-04-12 11:53:39,094 [AWT-EventQueue-0] org.springframework.beans.factory.support.DefaultListableBeanFactory: Creating shared instance of singleton bean 'org.springframework.aop.config.internalAutoProxyCreator'
DEBUG 2017-04-12 11:53:39,094 [AWT-EventQueue-0] org.springframework.beans.factory.support.DefaultListableBeanFactory: Creating instance of bean 'org.springframework.aop.config.internalAutoProxyCreator'
DEBUG 2017-04-12 11:53:39,103 [AWT-EventQueue-0] org.springframework.beans.factory.support.DefaultListableBeanFactory: Eagerly caching bean 'org.springframework.aop.config.internalAutoProxyCreator' to allow for resolving potential circular references
DEBUG 2017-04-12 11:53:39,125 [AWT-EventQueue-0] org.springframework.beans.factory.support.DefaultListableBeanFactory: Finished creating instance of bean 'org.springframework.aop.config.internalAutoProxyCreator'
DEBUG 2017-04-12 11:53:39,126 [AWT-EventQueue-0] org.springframework.context.annotation.AnnotationConfigApplicationContext: Unable to locate MessageSource with name 'messageSource': using default [org.springframework.context.support.DelegatingMessageSource@6944d186]
DEBUG 2017-04-12 11:53:39,128 [AWT-EventQueue-0] org.springframework.context.annotation.AnnotationConfigApplicationContext: Unable to locate ApplicationEventMulticaster with name 'applicationEventMulticaster': using default [org.springframework.context.event.SimpleApplicationEventMulticaster@505ced5a]
DEBUG 2017-04-12 11:53:39,129 [AWT-EventQueue-0] org.springframework.beans.factory.support.DefaultListableBeanFactory: Pre-instantiating singletons in org.springframework.beans.factory.support.DefaultListableBeanFactory@57eafab0: defining beans [org.springframework.context.annotation.internalConfigurationAnnotationProcessor,org.springframework.context.annotation.internalAutowiredAnnotationProcessor,org.springframework.context.annotation.internalRequiredAnnotationProcessor,org.springframework.context.annotation.internalCommonAnnotationProcessor,org.springframework.context.event.internalEventListenerProcessor,org.springframework.context.event.internalEventListenerFactory,applicationContext,securityDaoImpl,securityServiceDao,logginAspect,dataSource,jdbcTemplate,myAspect,org.springframework.aop.config.internalAutoProxyCreator]; root of factory hierarchy
DEBUG 2017-04-12 11:53:39,130 [AWT-EventQueue-0] org.springframework.beans.factory.support.DefaultListableBeanFactory: Returning cached instance of singleton bean 'org.springframework.context.annotation.internalConfigurationAnnotationProcessor'
DEBUG 2017-04-12 11:53:39,130 [AWT-EventQueue-0] org.springframework.beans.factory.support.DefaultListableBeanFactory: Returning cached instance of singleton bean 'org.springframework.context.annotation.internalAutowiredAnnotationProcessor'
DEBUG 2017-04-12 11:53:39,130 [AWT-EventQueue-0] org.springframework.beans.factory.support.DefaultListableBeanFactory: Returning cached instance of singleton bean 'org.springframework.context.annotation.internalRequiredAnnotationProcessor'
DEBUG 2017-04-12 11:53:39,130 [AWT-EventQueue-0] org.springframework.beans.factory.support.DefaultListableBeanFactory: Returning cached instance of singleton bean 'org.springframework.context.annotation.internalCommonAnnotationProcessor'
DEBUG 2017-04-12 11:53:39,130 [AWT-EventQueue-0] org.springframework.beans.factory.support.DefaultListableBeanFactory: Creating shared instance of singleton bean 'org.springframework.context.event.internalEventListenerProcessor'
DEBUG 2017-04-12 11:53:39,130 [AWT-EventQueue-0] org.springframework.beans.factory.support.DefaultListableBeanFactory: Creating instance of bean 'org.springframework.context.event.internalEventListenerProcessor'
DEBUG 2017-04-12 11:53:39,160 [AWT-EventQueue-0] org.springframework.aop.aspectj.annotation.ReflectiveAspectJAdvisorFactory: Found AspectJ method: public java.lang.Object co.com.sistema.sistemainformacion.utils.LogginAspect.logMethod(org.aspectj.lang.ProceedingJoinPoint) throws java.lang.Throwable
DEBUG 2017-04-12 11:53:39,161 [AWT-EventQueue-0] org.springframework.aop.aspectj.annotation.ReflectiveAspectJAdvisorFactory: Found AspectJ method: public void co.com.sistema.sistemainformacion.utils.LogginAspect.beforeOper(org.aspectj.lang.JoinPoint)
DEBUG 2017-04-12 11:53:39,161 [AWT-EventQueue-0] org.springframework.aop.aspectj.annotation.ReflectiveAspectJAdvisorFactory: Found AspectJ method: public void co.com.sistema.sistemainformacion.utils.LogginAspect.afterOper(org.aspectj.lang.JoinPoint)
DEBUG 2017-04-12 11:53:39,162 [AWT-EventQueue-0] org.springframework.aop.aspectj.annotation.ReflectiveAspectJAdvisorFactory: Found AspectJ method: public void co.com.sistema.sistemainformacion.utils.LogginAspect.logAfterReturning(org.aspectj.lang.JoinPoint,java.lang.Object)
DEBUG 2017-04-12 11:53:39,170 [AWT-EventQueue-0] org.springframework.aop.aspectj.annotation.ReflectiveAspectJAdvisorFactory: Found AspectJ method: public void co.com.sistema.sistemainformacion.utils.LogginAspect.controlException(org.aspectj.lang.JoinPoint,java.lang.Throwable)
DEBUG 2017-04-12 11:53:39,174 [AWT-EventQueue-0] org.springframework.aop.aspectj.annotation.ReflectiveAspectJAdvisorFactory: Found AspectJ method: public java.lang.Object co.com.sistema.sistemainformacion.utils.LogginAspect.logMethod(org.aspectj.lang.ProceedingJoinPoint) throws java.lang.Throwable
DEBUG 2017-04-12 11:53:39,175 [AWT-EventQueue-0] org.springframework.aop.aspectj.annotation.ReflectiveAspectJAdvisorFactory: Found AspectJ method: public void co.com.sistema.sistemainformacion.utils.LogginAspect.beforeOper(org.aspectj.lang.JoinPoint)
DEBUG 2017-04-12 11:53:39,175 [AWT-EventQueue-0] org.springframework.aop.aspectj.annotation.ReflectiveAspectJAdvisorFactory: Found AspectJ method: public void co.com.sistema.sistemainformacion.utils.LogginAspect.afterOper(org.aspectj.lang.JoinPoint)
DEBUG 2017-04-12 11:53:39,176 [AWT-EventQueue-0] org.springframework.aop.aspectj.annotation.ReflectiveAspectJAdvisorFactory: Found AspectJ method: public void co.com.sistema.sistemainformacion.utils.LogginAspect.logAfterReturning(org.aspectj.lang.JoinPoint,java.lang.Object)
DEBUG 2017-04-12 11:53:39,177 [AWT-EventQueue-0] org.springframework.aop.aspectj.annotation.ReflectiveAspectJAdvisorFactory: Found AspectJ method: public void co.com.sistema.sistemainformacion.utils.LogginAspect.controlException(org.aspectj.lang.JoinPoint,java.lang.Throwable)
DEBUG 2017-04-12 11:53:39,179 [AWT-EventQueue-0] org.springframework.beans.factory.support.DefaultListableBeanFactory: Eagerly caching bean 'org.springframework.context.event.internalEventListenerProcessor' to allow for resolving potential circular references
DEBUG 2017-04-12 11:53:39,377 [AWT-EventQueue-0] org.springframework.beans.factory.support.DefaultListableBeanFactory: Finished creating instance of bean 'org.springframework.context.event.internalEventListenerProcessor'
DEBUG 2017-04-12 11:53:39,377 [AWT-EventQueue-0] org.springframework.beans.factory.support.DefaultListableBeanFactory: Creating shared instance of singleton bean 'org.springframework.context.event.internalEventListenerFactory'
DEBUG 2017-04-12 11:53:39,377 [AWT-EventQueue-0] org.springframework.beans.factory.support.DefaultListableBeanFactory: Creating instance of bean 'org.springframework.context.event.internalEventListenerFactory'
DEBUG 2017-04-12 11:53:39,377 [AWT-EventQueue-0] org.springframework.beans.factory.support.DefaultListableBeanFactory: Eagerly caching bean 'org.springframework.context.event.internalEventListenerFactory' to allow for resolving potential circular references
DEBUG 2017-04-12 11:53:39,395 [AWT-EventQueue-0] org.springframework.beans.factory.support.DefaultListableBeanFactory: Finished creating instance of bean 'org.springframework.context.event.internalEventListenerFactory'
DEBUG 2017-04-12 11:53:39,395 [AWT-EventQueue-0] org.springframework.beans.factory.support.DefaultListableBeanFactory: Creating shared instance of singleton bean 'applicationContext'
DEBUG 2017-04-12 11:53:39,395 [AWT-EventQueue-0] org.springframework.beans.factory.support.DefaultListableBeanFactory: Creating instance of bean 'applicationContext'
DEBUG 2017-04-12 11:53:39,400 [AWT-EventQueue-0] org.springframework.beans.factory.annotation.InjectionMetadata: Registered injected element on class [co.com.sistema.sistemainformacion.config.ApplicationContext$$EnhancerBySpringCGLIB$$5ef06e10]: AutowiredFieldElement for private org.springframework.core.env.Environment co.com.sistema.sistemainformacion.config.ApplicationContext.env
DEBUG 2017-04-12 11:53:39,400 [AWT-EventQueue-0] org.springframework.beans.factory.support.DefaultListableBeanFactory: Eagerly caching bean 'applicationContext' to allow for resolving potential circular references
DEBUG 2017-04-12 11:53:39,403 [AWT-EventQueue-0] org.springframework.beans.factory.annotation.InjectionMetadata: Processing injected element of bean 'applicationContext': AutowiredFieldElement for private org.springframework.core.env.Environment co.com.sistema.sistemainformacion.config.ApplicationContext.env
DEBUG 2017-04-12 11:53:39,408 [AWT-EventQueue-0] org.springframework.beans.factory.support.DefaultListableBeanFactory: Returning cached instance of singleton bean 'environment'
DEBUG 2017-04-12 11:53:39,408 [AWT-EventQueue-0] org.springframework.beans.factory.annotation.AutowiredAnnotationBeanPostProcessor: Autowiring by type from bean name 'applicationContext' to bean named 'environment'
DEBUG 2017-04-12 11:53:39,426 [AWT-EventQueue-0] org.springframework.beans.factory.support.DefaultListableBeanFactory: Finished creating instance of bean 'applicationContext'
DEBUG 2017-04-12 11:53:39,426 [AWT-EventQueue-0] org.springframework.beans.factory.support.DefaultListableBeanFactory: Creating shared instance of singleton bean 'securityDaoImpl'
DEBUG 2017-04-12 11:53:39,426 [AWT-EventQueue-0] org.springframework.beans.factory.support.DefaultListableBeanFactory: Creating instance of bean 'securityDaoImpl'
DEBUG 2017-04-12 11:53:39,430 [AWT-EventQueue-0] org.springframework.beans.factory.annotation.InjectionMetadata: Registered injected element on class [co.com.sistema.sistemainformacion.repository.impl.SecurityDaoImpl]: AutowiredFieldElement for org.springframework.jdbc.core.JdbcTemplate co.com.sistema.sistemainformacion.repository.impl.SecurityDaoImpl.template
DEBUG 2017-04-12 11:53:39,430 [AWT-EventQueue-0] org.springframework.beans.factory.support.DefaultListableBeanFactory: Eagerly caching bean 'securityDaoImpl' to allow for resolving potential circular references
DEBUG 2017-04-12 11:53:39,432 [AWT-EventQueue-0] org.springframework.beans.factory.annotation.InjectionMetadata: Processing injected element of bean 'securityDaoImpl': AutowiredFieldElement for org.springframework.jdbc.core.JdbcTemplate co.com.sistema.sistemainformacion.repository.impl.SecurityDaoImpl.template
DEBUG 2017-04-12 11:53:39,432 [AWT-EventQueue-0] org.springframework.beans.factory.support.DefaultListableBeanFactory: Creating shared instance of singleton bean 'jdbcTemplate'
DEBUG 2017-04-12 11:53:39,432 [AWT-EventQueue-0] org.springframework.beans.factory.support.DefaultListableBeanFactory: Creating instance of bean 'jdbcTemplate'
DEBUG 2017-04-12 11:53:39,432 [AWT-EventQueue-0] org.springframework.beans.factory.support.DefaultListableBeanFactory: Returning cached instance of singleton bean 'applicationContext'
DEBUG 2017-04-12 11:53:39,435 [AWT-EventQueue-0] org.springframework.beans.factory.support.DefaultListableBeanFactory: Creating shared instance of singleton bean 'dataSource'
DEBUG 2017-04-12 11:53:39,435 [AWT-EventQueue-0] org.springframework.beans.factory.support.DefaultListableBeanFactory: Creating instance of bean 'dataSource'
DEBUG 2017-04-12 11:53:39,435 [AWT-EventQueue-0] org.springframework.beans.factory.support.DefaultListableBeanFactory: Returning cached instance of singleton bean 'applicationContext'
DEBUG 2017-04-12 11:53:39,451 [AWT-EventQueue-0] org.springframework.core.env.PropertySourcesPropertyResolver: Found key 'jdbc.driver' in [class path resource [jdbc.properties]] with type [String]
INFO  2017-04-12 11:53:39,458 [AWT-EventQueue-0] org.springframework.jdbc.datasource.DriverManagerDataSource: Loaded JDBC driver: com.mysql.jdbc.Driver
DEBUG 2017-04-12 11:53:39,459 [AWT-EventQueue-0] org.springframework.core.env.PropertySourcesPropertyResolver: Found key 'jdbc.url' in [class path resource [jdbc.properties]] with type [String]
DEBUG 2017-04-12 11:53:39,459 [AWT-EventQueue-0] org.springframework.core.env.PropertySourcesPropertyResolver: Found key 'jdbc.username' in [class path resource [jdbc.properties]] with type [String]
DEBUG 2017-04-12 11:53:39,459 [AWT-EventQueue-0] org.springframework.core.env.PropertySourcesPropertyResolver: Found key 'jdbc.password' in [class path resource [jdbc.properties]] with type [String]
DEBUG 2017-04-12 11:53:39,645 [AWT-EventQueue-0] org.springframework.beans.factory.support.DefaultListableBeanFactory: Eagerly caching bean 'dataSource' to allow for resolving potential circular references
DEBUG 2017-04-12 11:53:39,718 [AWT-EventQueue-0] org.springframework.beans.factory.support.DefaultListableBeanFactory: Finished creating instance of bean 'dataSource'
DEBUG 2017-04-12 11:53:39,719 [AWT-EventQueue-0] org.springframework.beans.factory.support.DefaultListableBeanFactory: Autowiring by type from bean name 'jdbcTemplate' via factory method to bean named 'dataSource'
DEBUG 2017-04-12 11:53:39,728 [AWT-EventQueue-0] org.springframework.beans.factory.support.DefaultListableBeanFactory: Eagerly caching bean 'jdbcTemplate' to allow for resolving potential circular references
DEBUG 2017-04-12 11:53:39,735 [AWT-EventQueue-0] org.springframework.beans.factory.support.DefaultListableBeanFactory: Invoking afterPropertiesSet() on bean with name 'jdbcTemplate'
DEBUG 2017-04-12 11:53:40,518 [AWT-EventQueue-0] org.springframework.beans.factory.support.DefaultListableBeanFactory: Finished creating instance of bean 'jdbcTemplate'
DEBUG 2017-04-12 11:53:40,518 [AWT-EventQueue-0] org.springframework.beans.factory.annotation.AutowiredAnnotationBeanPostProcessor: Autowiring by type from bean name 'securityDaoImpl' to bean named 'jdbcTemplate'
DEBUG 2017-04-12 11:53:40,533 [AWT-EventQueue-0] org.springframework.aop.aspectj.annotation.AnnotationAwareAspectJAutoProxyCreator: Creating implicit proxy for bean 'securityDaoImpl' with 0 common interceptors and 11 specific interceptors
DEBUG 2017-04-12 11:53:40,534 [AWT-EventQueue-0] org.springframework.aop.framework.JdkDynamicAopProxy: Creating JDK dynamic proxy: target source is SingletonTargetSource for target object [co.com.sistema.sistemainformacion.repository.impl.SecurityDaoImpl@70881ecc]
DEBUG 2017-04-12 11:53:40,537 [AWT-EventQueue-0] org.springframework.beans.factory.support.DefaultListableBeanFactory: Finished creating instance of bean 'securityDaoImpl'
DEBUG 2017-04-12 11:53:40,538 [AWT-EventQueue-0] org.springframework.beans.factory.support.DefaultListableBeanFactory: Creating shared instance of singleton bean 'securityServiceDao'
DEBUG 2017-04-12 11:53:40,538 [AWT-EventQueue-0] org.springframework.beans.factory.support.DefaultListableBeanFactory: Creating instance of bean 'securityServiceDao'
DEBUG 2017-04-12 11:53:40,538 [AWT-EventQueue-0] org.springframework.beans.factory.annotation.InjectionMetadata: Registered injected element on class [co.com.sistema.sistemainformacion.service.impl.SecurityServiceDaoImpl]: AutowiredFieldElement for private co.com.sistema.sistemainformacion.repository.dao.SecurityDao co.com.sistema.sistemainformacion.service.impl.SecurityServiceDaoImpl.securityDao
DEBUG 2017-04-12 11:53:40,538 [AWT-EventQueue-0] org.springframework.beans.factory.support.DefaultListableBeanFactory: Eagerly caching bean 'securityServiceDao' to allow for resolving potential circular references
DEBUG 2017-04-12 11:53:40,540 [AWT-EventQueue-0] org.springframework.beans.factory.annotation.InjectionMetadata: Processing injected element of bean 'securityServiceDao': AutowiredFieldElement for private co.com.sistema.sistemainformacion.repository.dao.SecurityDao co.com.sistema.sistemainformacion.service.impl.SecurityServiceDaoImpl.securityDao
DEBUG 2017-04-12 11:53:40,541 [AWT-EventQueue-0] org.springframework.beans.factory.support.DefaultListableBeanFactory: Returning cached instance of singleton bean 'securityDaoImpl'
DEBUG 2017-04-12 11:53:40,541 [AWT-EventQueue-0] org.springframework.beans.factory.annotation.AutowiredAnnotationBeanPostProcessor: Autowiring by type from bean name 'securityServiceDao' to bean named 'securityDaoImpl'
DEBUG 2017-04-12 11:53:40,543 [AWT-EventQueue-0] org.springframework.beans.factory.support.DefaultListableBeanFactory: Finished creating instance of bean 'securityServiceDao'
DEBUG 2017-04-12 11:53:40,544 [AWT-EventQueue-0] org.springframework.beans.factory.support.DefaultListableBeanFactory: Creating shared instance of singleton bean 'logginAspect'
DEBUG 2017-04-12 11:53:40,544 [AWT-EventQueue-0] org.springframework.beans.factory.support.DefaultListableBeanFactory: Creating instance of bean 'logginAspect'
DEBUG 2017-04-12 11:53:40,549 [AWT-EventQueue-0] org.springframework.beans.factory.support.DefaultListableBeanFactory: Eagerly caching bean 'logginAspect' to allow for resolving potential circular references
DEBUG 2017-04-12 11:53:40,551 [AWT-EventQueue-0] org.springframework.beans.factory.support.DefaultListableBeanFactory: Finished creating instance of bean 'logginAspect'
DEBUG 2017-04-12 11:53:40,551 [AWT-EventQueue-0] org.springframework.beans.factory.support.DefaultListableBeanFactory: Returning cached instance of singleton bean 'dataSource'
DEBUG 2017-04-12 11:53:40,551 [AWT-EventQueue-0] org.springframework.beans.factory.support.DefaultListableBeanFactory: Returning cached instance of singleton bean 'jdbcTemplate'
DEBUG 2017-04-12 11:53:40,551 [AWT-EventQueue-0] org.springframework.beans.factory.support.DefaultListableBeanFactory: Creating shared instance of singleton bean 'myAspect'
DEBUG 2017-04-12 11:53:40,551 [AWT-EventQueue-0] org.springframework.beans.factory.support.DefaultListableBeanFactory: Creating instance of bean 'myAspect'
DEBUG 2017-04-12 11:53:40,551 [AWT-EventQueue-0] org.springframework.beans.factory.support.DefaultListableBeanFactory: Returning cached instance of singleton bean 'applicationContext'
DEBUG 2017-04-12 11:53:40,552 [AWT-EventQueue-0] org.springframework.beans.factory.support.DefaultListableBeanFactory: Eagerly caching bean 'myAspect' to allow for resolving potential circular references
DEBUG 2017-04-12 11:53:40,552 [AWT-EventQueue-0] org.springframework.beans.factory.support.DefaultListableBeanFactory: Finished creating instance of bean 'myAspect'
DEBUG 2017-04-12 11:53:40,552 [AWT-EventQueue-0] org.springframework.beans.factory.support.DefaultListableBeanFactory: Returning cached instance of singleton bean 'org.springframework.aop.config.internalAutoProxyCreator'
DEBUG 2017-04-12 11:53:40,552 [AWT-EventQueue-0] org.springframework.beans.factory.support.DefaultListableBeanFactory: Returning cached instance of singleton bean 'org.springframework.context.event.internalEventListenerFactory'
DEBUG 2017-04-12 11:53:40,567 [AWT-EventQueue-0] org.springframework.context.annotation.AnnotationConfigApplicationContext: Unable to locate LifecycleProcessor with name 'lifecycleProcessor': using default [org.springframework.context.support.DefaultLifecycleProcessor@f542d45]
DEBUG 2017-04-12 11:53:40,568 [AWT-EventQueue-0] org.springframework.beans.factory.support.DefaultListableBeanFactory: Returning cached instance of singleton bean 'lifecycleProcessor'
DEBUG 2017-04-12 11:53:40,569 [AWT-EventQueue-0] org.springframework.core.env.PropertySourcesPropertyResolver: Could not find key 'spring.liveBeansView.mbeanDomain' in any property source
DEBUG 2017-04-12 11:53:47,417 [AWT-EventQueue-0] org.springframework.beans.factory.support.DefaultListableBeanFactory: Returning cached instance of singleton bean 'securityServiceDao'
DEBUG 2017-04-12 11:53:55,428 [AWT-EventQueue-0] org.springframework.beans.factory.support.DefaultListableBeanFactory: Returning cached instance of singleton bean 'logginAspect'
DEBUG 2017-04-12 11:53:55,575 [AWT-EventQueue-0] co.com.sistema.sistemainformacion.utils.LogginAspect: *============================ BEFORE > > > ["a","H4tRJnaf2lw="]
DEBUG 2017-04-12 11:53:55,575 [AWT-EventQueue-0] org.springframework.beans.factory.support.DefaultListableBeanFactory: Returning cached instance of singleton bean 'myAspect'
DEBUG 2017-04-12 11:53:55,576 [AWT-EventQueue-0] co.com.sistema.sistemainformacion.utils.LogginAspect: *============================ BEFORE > > > ["a","H4tRJnaf2lw="]
DEBUG 2017-04-12 11:53:55,578 [AWT-EventQueue-0] org.springframework.jdbc.core.JdbcTemplate: Executing prepared SQL query
DEBUG 2017-04-12 11:53:55,579 [AWT-EventQueue-0] org.springframework.jdbc.core.JdbcTemplate: Executing prepared SQL statement [SELECT user.user_key, user.cedula, user.usuario, user.nombres, user.apellidos, user.direccion, user.fecha_nacimiento, user.celular,        roles.rol,        permision.permiso_menu, permision.permiso_consultar_usuarios, permision.permiso_crear_usuarios, permision.permiso_actualizar_usuarios, permision.permiso_eliminar_usuarios FROM politica.tbl_sec_user user INNER JOIN politica.tbls_sec_detail detail ON (user.user_key = detail.user_key)                                 INNER JOIN politica.tbl_sec_roles roles ON (roles.rol_key = detail.rol_key)                                INNER JOIN politica.tbl_sec_permissions permision ON (permision.permission_key = detail.permission_key) WHERE user.usuario  = ? AND   user.password = ? ]
DEBUG 2017-04-12 11:53:55,581 [AWT-EventQueue-0] org.springframework.jdbc.datasource.DataSourceUtils: Fetching JDBC Connection from DataSource
DEBUG 2017-04-12 11:53:55,581 [AWT-EventQueue-0] org.springframework.jdbc.datasource.DriverManagerDataSource: Creating new JDBC DriverManager Connection to [jdbc:mysql://localhost:3306/politica]
DEBUG 2017-04-12 11:53:55,828 [AWT-EventQueue-0] org.springframework.jdbc.datasource.DataSourceUtils: Returning JDBC Connection to DataSource
DEBUG 2017-04-12 11:53:55,830 [AWT-EventQueue-0] co.com.sistema.sistemainformacion.utils.LogginAspect: *============================ AROUND > > > ============================ INICIANDO METODO > > > co.com.sistema.sistemainformacion.repository.impl.SecurityDaoImpl(a,H4tRJnaf2lw=)
DEBUG 2017-04-12 11:53:55,831 [AWT-EventQueue-0] co.com.sistema.sistemainformacion.utils.LogginAspect: *============================ AFTER > > > ["a","H4tRJnaf2lw="]
DEBUG 2017-04-12 11:53:55,831 [AWT-EventQueue-0] co.com.sistema.sistemainformacion.utils.LogginAspect: *============================ DESPUES DEL RETURNING > > > null
DEBUG 2017-04-12 11:53:55,831 [AWT-EventQueue-0] co.com.sistema.sistemainformacion.utils.LogginAspect: *============================ AROUND > > > ============================ INICIANDO METODO > > > co.com.sistema.sistemainformacion.repository.impl.SecurityDaoImpl(a,H4tRJnaf2lw=)
DEBUG 2017-04-12 11:53:55,831 [AWT-EventQueue-0] co.com.sistema.sistemainformacion.utils.LogginAspect: *============================ AFTER > > > ["a","H4tRJnaf2lw="]
DEBUG 2017-04-12 11:53:55,831 [AWT-EventQueue-0] co.com.sistema.sistemainformacion.utils.LogginAspect: *============================ DESPUES DEL RETURNING > > > null
DEBUG 2017-04-12 11:54:23,364 [AWT-EventQueue-0] org.springframework.core.env.StandardEnvironment: Adding [systemProperties] PropertySource with lowest search precedence
DEBUG 2017-04-12 11:54:23,366 [AWT-EventQueue-0] org.springframework.core.env.StandardEnvironment: Adding [systemEnvironment] PropertySource with lowest search precedence
DEBUG 2017-04-12 11:54:23,366 [AWT-EventQueue-0] org.springframework.core.env.StandardEnvironment: Initialized StandardEnvironment with PropertySources [systemProperties,systemEnvironment]
INFO  2017-04-12 11:54:23,438 [AWT-EventQueue-0] org.springframework.context.annotation.AnnotationConfigApplicationContext: Refreshing org.springframework.context.annotation.AnnotationConfigApplicationContext@6a5f6495: startup date [Wed Apr 12 11:54:23 COT 2017]; root of context hierarchy
DEBUG 2017-04-12 11:54:23,439 [AWT-EventQueue-0] org.springframework.context.annotation.AnnotationConfigApplicationContext: Bean factory for org.springframework.context.annotation.AnnotationConfigApplicationContext@6a5f6495: org.springframework.beans.factory.support.DefaultListableBeanFactory@348ae6bb: defining beans [org.springframework.context.annotation.internalConfigurationAnnotationProcessor,org.springframework.context.annotation.internalAutowiredAnnotationProcessor,org.springframework.context.annotation.internalRequiredAnnotationProcessor,org.springframework.context.annotation.internalCommonAnnotationProcessor,org.springframework.context.event.internalEventListenerProcessor,org.springframework.context.event.internalEventListenerFactory,applicationContext]; root of factory hierarchy
DEBUG 2017-04-12 11:54:23,455 [AWT-EventQueue-0] org.springframework.beans.factory.support.DefaultListableBeanFactory: Creating shared instance of singleton bean 'org.springframework.context.annotation.internalConfigurationAnnotationProcessor'
DEBUG 2017-04-12 11:54:23,455 [AWT-EventQueue-0] org.springframework.beans.factory.support.DefaultListableBeanFactory: Creating instance of bean 'org.springframework.context.annotation.internalConfigurationAnnotationProcessor'
DEBUG 2017-04-12 11:54:23,468 [AWT-EventQueue-0] org.springframework.beans.factory.support.DefaultListableBeanFactory: Eagerly caching bean 'org.springframework.context.annotation.internalConfigurationAnnotationProcessor' to allow for resolving potential circular references
DEBUG 2017-04-12 11:54:23,471 [AWT-EventQueue-0] org.springframework.beans.factory.support.DefaultListableBeanFactory: Finished creating instance of bean 'org.springframework.context.annotation.internalConfigurationAnnotationProcessor'
DEBUG 2017-04-12 11:54:23,486 [AWT-EventQueue-0] org.springframework.core.env.StandardEnvironment: Adding [class path resource [jdbc.properties]] PropertySource with lowest search precedence
DEBUG 2017-04-12 11:54:23,488 [AWT-EventQueue-0] org.springframework.core.io.support.PathMatchingResourcePatternResolver: Resolved classpath location [co/com/sistema/sistemainformacion/] to resources [URL [file:/C:/software/development/netbeansprojects/sistemainformacion/target/classes/co/com/sistema/sistemainformacion/]]
DEBUG 2017-04-12 11:54:23,489 [AWT-EventQueue-0] org.springframework.core.io.support.PathMatchingResourcePatternResolver: Looking for matching resources in directory tree [C:\software\development\netbeansprojects\sistemainformacion\target\classes\co\com\sistema\sistemainformacion]
DEBUG 2017-04-12 11:54:23,489 [AWT-EventQueue-0] org.springframework.core.io.support.PathMatchingResourcePatternResolver: Searching directory [C:\software\development\netbeansprojects\sistemainformacion\target\classes\co\com\sistema\sistemainformacion] for files matching pattern [C:/software/development/netbeansprojects/sistemainformacion/target/classes/co/com/sistema/sistemainformacion/*/**/*.class]
DEBUG 2017-04-12 11:54:23,491 [AWT-EventQueue-0] org.springframework.core.io.support.PathMatchingResourcePatternResolver: Searching directory [C:\software\development\netbeansprojects\sistemainformacion\target\classes\co\com\sistema\sistemainformacion\config] for files matching pattern [C:/software/development/netbeansprojects/sistemainformacion/target/classes/co/com/sistema/sistemainformacion/*/**/*.class]
DEBUG 2017-04-12 11:54:23,491 [AWT-EventQueue-0] org.springframework.core.io.support.PathMatchingResourcePatternResolver: Searching directory [C:\software\development\netbeansprojects\sistemainformacion\target\classes\co\com\sistema\sistemainformacion\dao] for files matching pattern [C:/software/development/netbeansprojects/sistemainformacion/target/classes/co/com/sistema/sistemainformacion/*/**/*.class]
DEBUG 2017-04-12 11:54:23,492 [AWT-EventQueue-0] org.springframework.core.io.support.PathMatchingResourcePatternResolver: Searching directory [C:\software\development\netbeansprojects\sistemainformacion\target\classes\co\com\sistema\sistemainformacion\domain] for files matching pattern [C:/software/development/netbeansprojects/sistemainformacion/target/classes/co/com/sistema/sistemainformacion/*/**/*.class]
DEBUG 2017-04-12 11:54:23,492 [AWT-EventQueue-0] org.springframework.core.io.support.PathMatchingResourcePatternResolver: Searching directory [C:\software\development\netbeansprojects\sistemainformacion\target\classes\co\com\sistema\sistemainformacion\domain\views] for files matching pattern [C:/software/development/netbeansprojects/sistemainformacion/target/classes/co/com/sistema/sistemainformacion/*/**/*.class]
DEBUG 2017-04-12 11:54:23,492 [AWT-EventQueue-0] org.springframework.core.io.support.PathMatchingResourcePatternResolver: Searching directory [C:\software\development\netbeansprojects\sistemainformacion\target\classes\co\com\sistema\sistemainformacion\repository] for files matching pattern [C:/software/development/netbeansprojects/sistemainformacion/target/classes/co/com/sistema/sistemainformacion/*/**/*.class]
DEBUG 2017-04-12 11:54:23,493 [AWT-EventQueue-0] org.springframework.core.io.support.PathMatchingResourcePatternResolver: Searching directory [C:\software\development\netbeansprojects\sistemainformacion\target\classes\co\com\sistema\sistemainformacion\repository\dao] for files matching pattern [C:/software/development/netbeansprojects/sistemainformacion/target/classes/co/com/sistema/sistemainformacion/*/**/*.class]
DEBUG 2017-04-12 11:54:23,493 [AWT-EventQueue-0] org.springframework.core.io.support.PathMatchingResourcePatternResolver: Searching directory [C:\software\development\netbeansprojects\sistemainformacion\target\classes\co\com\sistema\sistemainformacion\repository\impl] for files matching pattern [C:/software/development/netbeansprojects/sistemainformacion/target/classes/co/com/sistema/sistemainformacion/*/**/*.class]
DEBUG 2017-04-12 11:54:23,493 [AWT-EventQueue-0] org.springframework.core.io.support.PathMatchingResourcePatternResolver: Searching directory [C:\software\development\netbeansprojects\sistemainformacion\target\classes\co\com\sistema\sistemainformacion\service] for files matching pattern [C:/software/development/netbeansprojects/sistemainformacion/target/classes/co/com/sistema/sistemainformacion/*/**/*.class]
DEBUG 2017-04-12 11:54:23,494 [AWT-EventQueue-0] org.springframework.core.io.support.PathMatchingResourcePatternResolver: Searching directory [C:\software\development\netbeansprojects\sistemainformacion\target\classes\co\com\sistema\sistemainformacion\service\dao] for files matching pattern [C:/software/development/netbeansprojects/sistemainformacion/target/classes/co/com/sistema/sistemainformacion/*/**/*.class]
DEBUG 2017-04-12 11:54:23,494 [AWT-EventQueue-0] org.springframework.core.io.support.PathMatchingResourcePatternResolver: Searching directory [C:\software\development\netbeansprojects\sistemainformacion\target\classes\co\com\sistema\sistemainformacion\service\impl] for files matching pattern [C:/software/development/netbeansprojects/sistemainformacion/target/classes/co/com/sistema/sistemainformacion/*/**/*.class]
DEBUG 2017-04-12 11:54:23,494 [AWT-EventQueue-0] org.springframework.core.io.support.PathMatchingResourcePatternResolver: Searching directory [C:\software\development\netbeansprojects\sistemainformacion\target\classes\co\com\sistema\sistemainformacion\utils] for files matching pattern [C:/software/development/netbeansprojects/sistemainformacion/target/classes/co/com/sistema/sistemainformacion/*/**/*.class]
DEBUG 2017-04-12 11:54:23,495 [AWT-EventQueue-0] org.springframework.core.io.support.PathMatchingResourcePatternResolver: Searching directory [C:\software\development\netbeansprojects\sistemainformacion\target\classes\co\com\sistema\sistemainformacion\view] for files matching pattern [C:/software/development/netbeansprojects/sistemainformacion/target/classes/co/com/sistema/sistemainformacion/*/**/*.class]
DEBUG 2017-04-12 11:54:23,497 [AWT-EventQueue-0] org.springframework.core.io.support.PathMatchingResourcePatternResolver: Resolved location pattern [classpath*:co/com/sistema/sistemainformacion/*/**/*.class] to resources [file [C:\software\development\netbeansprojects\sistemainformacion\target\classes\co\com\sistema\sistemainformacion\config\ApplicationContext.class], file [C:\software\development\netbeansprojects\sistemainformacion\target\classes\co\com\sistema\sistemainformacion\domain\Permiso.class], file [C:\software\development\netbeansprojects\sistemainformacion\target\classes\co\com\sistema\sistemainformacion\domain\Rol.class], file [C:\software\development\netbeansprojects\sistemainformacion\target\classes\co\com\sistema\sistemainformacion\domain\Usuario.class], file [C:\software\development\netbeansprojects\sistemainformacion\target\classes\co\com\sistema\sistemainformacion\domain\views\SecurityView.class], file [C:\software\development\netbeansprojects\sistemainformacion\target\classes\co\com\sistema\sistemainformacion\repository\dao\SecurityDao.class], file [C:\software\development\netbeansprojects\sistemainformacion\target\classes\co\com\sistema\sistemainformacion\repository\impl\SecurityDaoImpl.class], file [C:\software\development\netbeansprojects\sistemainformacion\target\classes\co\com\sistema\sistemainformacion\service\dao\SecurityServiceDao.class], file [C:\software\development\netbeansprojects\sistemainformacion\target\classes\co\com\sistema\sistemainformacion\service\impl\SecurityServiceDaoImpl.class], file [C:\software\development\netbeansprojects\sistemainformacion\target\classes\co\com\sistema\sistemainformacion\utils\Constantes.class], file [C:\software\development\netbeansprojects\sistemainformacion\target\classes\co\com\sistema\sistemainformacion\utils\InfoLogger.class], file [C:\software\development\netbeansprojects\sistemainformacion\target\classes\co\com\sistema\sistemainformacion\utils\LogginAspect.class], file [C:\software\development\netbeansprojects\sistemainformacion\target\classes\co\com\sistema\sistemainformacion\utils\Util.class], file [C:\software\development\netbeansprojects\sistemainformacion\target\classes\co\com\sistema\sistemainformacion\view\Aplicacion$1.class], file [C:\software\development\netbeansprojects\sistemainformacion\target\classes\co\com\sistema\sistemainformacion\view\Aplicacion$2.class], file [C:\software\development\netbeansprojects\sistemainformacion\target\classes\co\com\sistema\sistemainformacion\view\Aplicacion$3.class], file [C:\software\development\netbeansprojects\sistemainformacion\target\classes\co\com\sistema\sistemainformacion\view\Aplicacion.class], file [C:\software\development\netbeansprojects\sistemainformacion\target\classes\co\com\sistema\sistemainformacion\view\Login$1.class], file [C:\software\development\netbeansprojects\sistemainformacion\target\classes\co\com\sistema\sistemainformacion\view\Login$2.class], file [C:\software\development\netbeansprojects\sistemainformacion\target\classes\co\com\sistema\sistemainformacion\view\Login.class]]
DEBUG 2017-04-12 11:54:23,514 [AWT-EventQueue-0] org.springframework.context.annotation.ClassPathBeanDefinitionScanner: Identified candidate component class: file [C:\software\development\netbeansprojects\sistemainformacion\target\classes\co\com\sistema\sistemainformacion\repository\impl\SecurityDaoImpl.class]
DEBUG 2017-04-12 11:54:23,515 [AWT-EventQueue-0] org.springframework.context.annotation.ClassPathBeanDefinitionScanner: Identified candidate component class: file [C:\software\development\netbeansprojects\sistemainformacion\target\classes\co\com\sistema\sistemainformacion\service\impl\SecurityServiceDaoImpl.class]
DEBUG 2017-04-12 11:54:23,521 [AWT-EventQueue-0] org.springframework.context.annotation.ClassPathBeanDefinitionScanner: Identified candidate component class: file [C:\software\development\netbeansprojects\sistemainformacion\target\classes\co\com\sistema\sistemainformacion\utils\LogginAspect.class]
DEBUG 2017-04-12 11:54:23,540 [AWT-EventQueue-0] org.springframework.context.annotation.ConfigurationClassBeanDefinitionReader: Registering bean definition for @Bean method co.com.sistema.sistemainformacion.config.ApplicationContext.dataSource()
DEBUG 2017-04-12 11:54:23,541 [AWT-EventQueue-0] org.springframework.context.annotation.ConfigurationClassBeanDefinitionReader: Registering bean definition for @Bean method co.com.sistema.sistemainformacion.config.ApplicationContext.jdbcTemplate()
DEBUG 2017-04-12 11:54:23,541 [AWT-EventQueue-0] org.springframework.context.annotation.ConfigurationClassBeanDefinitionReader: Registering bean definition for @Bean method co.com.sistema.sistemainformacion.config.ApplicationContext.myAspect()
DEBUG 2017-04-12 11:54:23,598 [AWT-EventQueue-0] org.springframework.context.annotation.ConfigurationClassEnhancer: Successfully enhanced co.com.sistema.sistemainformacion.config.ApplicationContext; enhanced class name is: co.com.sistema.sistemainformacion.config.ApplicationContext$$EnhancerBySpringCGLIB$$fde6e24d
DEBUG 2017-04-12 11:54:23,599 [AWT-EventQueue-0] org.springframework.context.annotation.ConfigurationClassPostProcessor: Replacing bean definition 'applicationContext' existing class 'co.com.sistema.sistemainformacion.config.ApplicationContext' with enhanced class 'co.com.sistema.sistemainformacion.config.ApplicationContext$$EnhancerBySpringCGLIB$$fde6e24d'
DEBUG 2017-04-12 11:54:23,601 [AWT-EventQueue-0] org.springframework.beans.factory.support.DefaultListableBeanFactory: Creating shared instance of singleton bean 'org.springframework.context.annotation.internalAutowiredAnnotationProcessor'
DEBUG 2017-04-12 11:54:23,601 [AWT-EventQueue-0] org.springframework.beans.factory.support.DefaultListableBeanFactory: Creating instance of bean 'org.springframework.context.annotation.internalAutowiredAnnotationProcessor'
DEBUG 2017-04-12 11:54:23,601 [AWT-EventQueue-0] org.springframework.beans.factory.support.DefaultListableBeanFactory: Eagerly caching bean 'org.springframework.context.annotation.internalAutowiredAnnotationProcessor' to allow for resolving potential circular references
DEBUG 2017-04-12 11:54:23,613 [AWT-EventQueue-0] org.springframework.beans.factory.support.DefaultListableBeanFactory: Finished creating instance of bean 'org.springframework.context.annotation.internalAutowiredAnnotationProcessor'
DEBUG 2017-04-12 11:54:23,613 [AWT-EventQueue-0] org.springframework.beans.factory.support.DefaultListableBeanFactory: Creating shared instance of singleton bean 'org.springframework.context.annotation.internalRequiredAnnotationProcessor'
DEBUG 2017-04-12 11:54:23,613 [AWT-EventQueue-0] org.springframework.beans.factory.support.DefaultListableBeanFactory: Creating instance of bean 'org.springframework.context.annotation.internalRequiredAnnotationProcessor'
DEBUG 2017-04-12 11:54:23,613 [AWT-EventQueue-0] org.springframework.beans.factory.support.DefaultListableBeanFactory: Eagerly caching bean 'org.springframework.context.annotation.internalRequiredAnnotationProcessor' to allow for resolving potential circular references
DEBUG 2017-04-12 11:54:23,616 [AWT-EventQueue-0] org.springframework.beans.factory.support.DefaultListableBeanFactory: Finished creating instance of bean 'org.springframework.context.annotation.internalRequiredAnnotationProcessor'
DEBUG 2017-04-12 11:54:23,616 [AWT-EventQueue-0] org.springframework.beans.factory.support.DefaultListableBeanFactory: Creating shared instance of singleton bean 'org.springframework.context.annotation.internalCommonAnnotationProcessor'
DEBUG 2017-04-12 11:54:23,616 [AWT-EventQueue-0] org.springframework.beans.factory.support.DefaultListableBeanFactory: Creating instance of bean 'org.springframework.context.annotation.internalCommonAnnotationProcessor'
DEBUG 2017-04-12 11:54:23,619 [AWT-EventQueue-0] org.springframework.beans.factory.support.DefaultListableBeanFactory: Eagerly caching bean 'org.springframework.context.annotation.internalCommonAnnotationProcessor' to allow for resolving potential circular references
DEBUG 2017-04-12 11:54:23,623 [AWT-EventQueue-0] org.springframework.beans.factory.support.DefaultListableBeanFactory: Finished creating instance of bean 'org.springframework.context.annotation.internalCommonAnnotationProcessor'
DEBUG 2017-04-12 11:54:23,623 [AWT-EventQueue-0] org.springframework.beans.factory.support.DefaultListableBeanFactory: Creating shared instance of singleton bean 'org.springframework.aop.config.internalAutoProxyCreator'
DEBUG 2017-04-12 11:54:23,623 [AWT-EventQueue-0] org.springframework.beans.factory.support.DefaultListableBeanFactory: Creating instance of bean 'org.springframework.aop.config.internalAutoProxyCreator'
DEBUG 2017-04-12 11:54:23,631 [AWT-EventQueue-0] org.springframework.beans.factory.support.DefaultListableBeanFactory: Eagerly caching bean 'org.springframework.aop.config.internalAutoProxyCreator' to allow for resolving potential circular references
DEBUG 2017-04-12 11:54:23,649 [AWT-EventQueue-0] org.springframework.beans.factory.support.DefaultListableBeanFactory: Finished creating instance of bean 'org.springframework.aop.config.internalAutoProxyCreator'
DEBUG 2017-04-12 11:54:23,651 [AWT-EventQueue-0] org.springframework.context.annotation.AnnotationConfigApplicationContext: Unable to locate MessageSource with name 'messageSource': using default [org.springframework.context.support.DelegatingMessageSource@1616a0f0]
DEBUG 2017-04-12 11:54:23,653 [AWT-EventQueue-0] org.springframework.context.annotation.AnnotationConfigApplicationContext: Unable to locate ApplicationEventMulticaster with name 'applicationEventMulticaster': using default [org.springframework.context.event.SimpleApplicationEventMulticaster@7fa58a4b]
DEBUG 2017-04-12 11:54:23,654 [AWT-EventQueue-0] org.springframework.beans.factory.support.DefaultListableBeanFactory: Pre-instantiating singletons in org.springframework.beans.factory.support.DefaultListableBeanFactory@348ae6bb: defining beans [org.springframework.context.annotation.internalConfigurationAnnotationProcessor,org.springframework.context.annotation.internalAutowiredAnnotationProcessor,org.springframework.context.annotation.internalRequiredAnnotationProcessor,org.springframework.context.annotation.internalCommonAnnotationProcessor,org.springframework.context.event.internalEventListenerProcessor,org.springframework.context.event.internalEventListenerFactory,applicationContext,securityDaoImpl,securityServiceDao,logginAspect,dataSource,jdbcTemplate,myAspect,org.springframework.aop.config.internalAutoProxyCreator]; root of factory hierarchy
DEBUG 2017-04-12 11:54:23,654 [AWT-EventQueue-0] org.springframework.beans.factory.support.DefaultListableBeanFactory: Returning cached instance of singleton bean 'org.springframework.context.annotation.internalConfigurationAnnotationProcessor'
DEBUG 2017-04-12 11:54:23,654 [AWT-EventQueue-0] org.springframework.beans.factory.support.DefaultListableBeanFactory: Returning cached instance of singleton bean 'org.springframework.context.annotation.internalAutowiredAnnotationProcessor'
DEBUG 2017-04-12 11:54:23,654 [AWT-EventQueue-0] org.springframework.beans.factory.support.DefaultListableBeanFactory: Returning cached instance of singleton bean 'org.springframework.context.annotation.internalRequiredAnnotationProcessor'
DEBUG 2017-04-12 11:54:23,655 [AWT-EventQueue-0] org.springframework.beans.factory.support.DefaultListableBeanFactory: Returning cached instance of singleton bean 'org.springframework.context.annotation.internalCommonAnnotationProcessor'
DEBUG 2017-04-12 11:54:23,655 [AWT-EventQueue-0] org.springframework.beans.factory.support.DefaultListableBeanFactory: Creating shared instance of singleton bean 'org.springframework.context.event.internalEventListenerProcessor'
DEBUG 2017-04-12 11:54:23,655 [AWT-EventQueue-0] org.springframework.beans.factory.support.DefaultListableBeanFactory: Creating instance of bean 'org.springframework.context.event.internalEventListenerProcessor'
DEBUG 2017-04-12 11:54:23,679 [AWT-EventQueue-0] org.springframework.aop.aspectj.annotation.ReflectiveAspectJAdvisorFactory: Found AspectJ method: public java.lang.Object co.com.sistema.sistemainformacion.utils.LogginAspect.logMethod(org.aspectj.lang.ProceedingJoinPoint) throws java.lang.Throwable
DEBUG 2017-04-12 11:54:23,680 [AWT-EventQueue-0] org.springframework.aop.aspectj.annotation.ReflectiveAspectJAdvisorFactory: Found AspectJ method: public void co.com.sistema.sistemainformacion.utils.LogginAspect.beforeOper(org.aspectj.lang.JoinPoint)
DEBUG 2017-04-12 11:54:23,681 [AWT-EventQueue-0] org.springframework.aop.aspectj.annotation.ReflectiveAspectJAdvisorFactory: Found AspectJ method: public void co.com.sistema.sistemainformacion.utils.LogginAspect.afterOper(org.aspectj.lang.JoinPoint)
DEBUG 2017-04-12 11:54:23,681 [AWT-EventQueue-0] org.springframework.aop.aspectj.annotation.ReflectiveAspectJAdvisorFactory: Found AspectJ method: public void co.com.sistema.sistemainformacion.utils.LogginAspect.logAfterReturning(org.aspectj.lang.JoinPoint,java.lang.Object)
DEBUG 2017-04-12 11:54:23,688 [AWT-EventQueue-0] org.springframework.aop.aspectj.annotation.ReflectiveAspectJAdvisorFactory: Found AspectJ method: public void co.com.sistema.sistemainformacion.utils.LogginAspect.controlException(org.aspectj.lang.JoinPoint,java.lang.Throwable)
DEBUG 2017-04-12 11:54:23,692 [AWT-EventQueue-0] org.springframework.aop.aspectj.annotation.ReflectiveAspectJAdvisorFactory: Found AspectJ method: public java.lang.Object co.com.sistema.sistemainformacion.utils.LogginAspect.logMethod(org.aspectj.lang.ProceedingJoinPoint) throws java.lang.Throwable
DEBUG 2017-04-12 11:54:23,693 [AWT-EventQueue-0] org.springframework.aop.aspectj.annotation.ReflectiveAspectJAdvisorFactory: Found AspectJ method: public void co.com.sistema.sistemainformacion.utils.LogginAspect.beforeOper(org.aspectj.lang.JoinPoint)
DEBUG 2017-04-12 11:54:23,693 [AWT-EventQueue-0] org.springframework.aop.aspectj.annotation.ReflectiveAspectJAdvisorFactory: Found AspectJ method: public void co.com.sistema.sistemainformacion.utils.LogginAspect.afterOper(org.aspectj.lang.JoinPoint)
DEBUG 2017-04-12 11:54:23,693 [AWT-EventQueue-0] org.springframework.aop.aspectj.annotation.ReflectiveAspectJAdvisorFactory: Found AspectJ method: public void co.com.sistema.sistemainformacion.utils.LogginAspect.logAfterReturning(org.aspectj.lang.JoinPoint,java.lang.Object)
DEBUG 2017-04-12 11:54:23,695 [AWT-EventQueue-0] org.springframework.aop.aspectj.annotation.ReflectiveAspectJAdvisorFactory: Found AspectJ method: public void co.com.sistema.sistemainformacion.utils.LogginAspect.controlException(org.aspectj.lang.JoinPoint,java.lang.Throwable)
DEBUG 2017-04-12 11:54:23,697 [AWT-EventQueue-0] org.springframework.beans.factory.support.DefaultListableBeanFactory: Eagerly caching bean 'org.springframework.context.event.internalEventListenerProcessor' to allow for resolving potential circular references
DEBUG 2017-04-12 11:54:23,885 [AWT-EventQueue-0] org.springframework.beans.factory.support.DefaultListableBeanFactory: Finished creating instance of bean 'org.springframework.context.event.internalEventListenerProcessor'
DEBUG 2017-04-12 11:54:23,885 [AWT-EventQueue-0] org.springframework.beans.factory.support.DefaultListableBeanFactory: Creating shared instance of singleton bean 'org.springframework.context.event.internalEventListenerFactory'
DEBUG 2017-04-12 11:54:23,885 [AWT-EventQueue-0] org.springframework.beans.factory.support.DefaultListableBeanFactory: Creating instance of bean 'org.springframework.context.event.internalEventListenerFactory'
DEBUG 2017-04-12 11:54:23,885 [AWT-EventQueue-0] org.springframework.beans.factory.support.DefaultListableBeanFactory: Eagerly caching bean 'org.springframework.context.event.internalEventListenerFactory' to allow for resolving potential circular references
DEBUG 2017-04-12 11:54:23,899 [AWT-EventQueue-0] org.springframework.beans.factory.support.DefaultListableBeanFactory: Finished creating instance of bean 'org.springframework.context.event.internalEventListenerFactory'
DEBUG 2017-04-12 11:54:23,899 [AWT-EventQueue-0] org.springframework.beans.factory.support.DefaultListableBeanFactory: Creating shared instance of singleton bean 'applicationContext'
DEBUG 2017-04-12 11:54:23,899 [AWT-EventQueue-0] org.springframework.beans.factory.support.DefaultListableBeanFactory: Creating instance of bean 'applicationContext'
DEBUG 2017-04-12 11:54:23,904 [AWT-EventQueue-0] org.springframework.beans.factory.annotation.InjectionMetadata: Registered injected element on class [co.com.sistema.sistemainformacion.config.ApplicationContext$$EnhancerBySpringCGLIB$$fde6e24d]: AutowiredFieldElement for private org.springframework.core.env.Environment co.com.sistema.sistemainformacion.config.ApplicationContext.env
DEBUG 2017-04-12 11:54:23,904 [AWT-EventQueue-0] org.springframework.beans.factory.support.DefaultListableBeanFactory: Eagerly caching bean 'applicationContext' to allow for resolving potential circular references
DEBUG 2017-04-12 11:54:23,906 [AWT-EventQueue-0] org.springframework.beans.factory.annotation.InjectionMetadata: Processing injected element of bean 'applicationContext': AutowiredFieldElement for private org.springframework.core.env.Environment co.com.sistema.sistemainformacion.config.ApplicationContext.env
DEBUG 2017-04-12 11:54:23,912 [AWT-EventQueue-0] org.springframework.beans.factory.support.DefaultListableBeanFactory: Returning cached instance of singleton bean 'environment'
DEBUG 2017-04-12 11:54:23,912 [AWT-EventQueue-0] org.springframework.beans.factory.annotation.AutowiredAnnotationBeanPostProcessor: Autowiring by type from bean name 'applicationContext' to bean named 'environment'
DEBUG 2017-04-12 11:54:23,931 [AWT-EventQueue-0] org.springframework.beans.factory.support.DefaultListableBeanFactory: Finished creating instance of bean 'applicationContext'
DEBUG 2017-04-12 11:54:23,931 [AWT-EventQueue-0] org.springframework.beans.factory.support.DefaultListableBeanFactory: Creating shared instance of singleton bean 'securityDaoImpl'
DEBUG 2017-04-12 11:54:23,931 [AWT-EventQueue-0] org.springframework.beans.factory.support.DefaultListableBeanFactory: Creating instance of bean 'securityDaoImpl'
DEBUG 2017-04-12 11:54:23,935 [AWT-EventQueue-0] org.springframework.beans.factory.annotation.InjectionMetadata: Registered injected element on class [co.com.sistema.sistemainformacion.repository.impl.SecurityDaoImpl]: AutowiredFieldElement for org.springframework.jdbc.core.JdbcTemplate co.com.sistema.sistemainformacion.repository.impl.SecurityDaoImpl.template
DEBUG 2017-04-12 11:54:23,935 [AWT-EventQueue-0] org.springframework.beans.factory.support.DefaultListableBeanFactory: Eagerly caching bean 'securityDaoImpl' to allow for resolving potential circular references
DEBUG 2017-04-12 11:54:23,936 [AWT-EventQueue-0] org.springframework.beans.factory.annotation.InjectionMetadata: Processing injected element of bean 'securityDaoImpl': AutowiredFieldElement for org.springframework.jdbc.core.JdbcTemplate co.com.sistema.sistemainformacion.repository.impl.SecurityDaoImpl.template
DEBUG 2017-04-12 11:54:23,937 [AWT-EventQueue-0] org.springframework.beans.factory.support.DefaultListableBeanFactory: Creating shared instance of singleton bean 'jdbcTemplate'
DEBUG 2017-04-12 11:54:23,937 [AWT-EventQueue-0] org.springframework.beans.factory.support.DefaultListableBeanFactory: Creating instance of bean 'jdbcTemplate'
DEBUG 2017-04-12 11:54:23,937 [AWT-EventQueue-0] org.springframework.beans.factory.support.DefaultListableBeanFactory: Returning cached instance of singleton bean 'applicationContext'
DEBUG 2017-04-12 11:54:23,939 [AWT-EventQueue-0] org.springframework.beans.factory.support.DefaultListableBeanFactory: Creating shared instance of singleton bean 'dataSource'
DEBUG 2017-04-12 11:54:23,939 [AWT-EventQueue-0] org.springframework.beans.factory.support.DefaultListableBeanFactory: Creating instance of bean 'dataSource'
DEBUG 2017-04-12 11:54:23,940 [AWT-EventQueue-0] org.springframework.beans.factory.support.DefaultListableBeanFactory: Returning cached instance of singleton bean 'applicationContext'
DEBUG 2017-04-12 11:54:23,960 [AWT-EventQueue-0] org.springframework.core.env.PropertySourcesPropertyResolver: Found key 'jdbc.driver' in [class path resource [jdbc.properties]] with type [String]
INFO  2017-04-12 11:54:23,965 [AWT-EventQueue-0] org.springframework.jdbc.datasource.DriverManagerDataSource: Loaded JDBC driver: com.mysql.jdbc.Driver
DEBUG 2017-04-12 11:54:23,966 [AWT-EventQueue-0] org.springframework.core.env.PropertySourcesPropertyResolver: Found key 'jdbc.url' in [class path resource [jdbc.properties]] with type [String]
DEBUG 2017-04-12 11:54:23,966 [AWT-EventQueue-0] org.springframework.core.env.PropertySourcesPropertyResolver: Found key 'jdbc.username' in [class path resource [jdbc.properties]] with type [String]
DEBUG 2017-04-12 11:54:23,966 [AWT-EventQueue-0] org.springframework.core.env.PropertySourcesPropertyResolver: Found key 'jdbc.password' in [class path resource [jdbc.properties]] with type [String]
DEBUG 2017-04-12 11:54:24,195 [AWT-EventQueue-0] org.springframework.beans.factory.support.DefaultListableBeanFactory: Eagerly caching bean 'dataSource' to allow for resolving potential circular references
DEBUG 2017-04-12 11:54:24,270 [AWT-EventQueue-0] org.springframework.beans.factory.support.DefaultListableBeanFactory: Finished creating instance of bean 'dataSource'
DEBUG 2017-04-12 11:54:24,271 [AWT-EventQueue-0] org.springframework.beans.factory.support.DefaultListableBeanFactory: Autowiring by type from bean name 'jdbcTemplate' via factory method to bean named 'dataSource'
DEBUG 2017-04-12 11:54:24,277 [AWT-EventQueue-0] org.springframework.beans.factory.support.DefaultListableBeanFactory: Eagerly caching bean 'jdbcTemplate' to allow for resolving potential circular references
DEBUG 2017-04-12 11:54:24,288 [AWT-EventQueue-0] org.springframework.beans.factory.support.DefaultListableBeanFactory: Invoking afterPropertiesSet() on bean with name 'jdbcTemplate'
DEBUG 2017-04-12 11:54:25,070 [AWT-EventQueue-0] org.springframework.beans.factory.support.DefaultListableBeanFactory: Finished creating instance of bean 'jdbcTemplate'
DEBUG 2017-04-12 11:54:25,070 [AWT-EventQueue-0] org.springframework.beans.factory.annotation.AutowiredAnnotationBeanPostProcessor: Autowiring by type from bean name 'securityDaoImpl' to bean named 'jdbcTemplate'
DEBUG 2017-04-12 11:54:25,086 [AWT-EventQueue-0] org.springframework.aop.aspectj.annotation.AnnotationAwareAspectJAutoProxyCreator: Creating implicit proxy for bean 'securityDaoImpl' with 0 common interceptors and 11 specific interceptors
DEBUG 2017-04-12 11:54:25,087 [AWT-EventQueue-0] org.springframework.aop.framework.JdkDynamicAopProxy: Creating JDK dynamic proxy: target source is SingletonTargetSource for target object [co.com.sistema.sistemainformacion.repository.impl.SecurityDaoImpl@53381873]
DEBUG 2017-04-12 11:54:25,090 [AWT-EventQueue-0] org.springframework.beans.factory.support.DefaultListableBeanFactory: Finished creating instance of bean 'securityDaoImpl'
DEBUG 2017-04-12 11:54:25,090 [AWT-EventQueue-0] org.springframework.beans.factory.support.DefaultListableBeanFactory: Creating shared instance of singleton bean 'securityServiceDao'
DEBUG 2017-04-12 11:54:25,090 [AWT-EventQueue-0] org.springframework.beans.factory.support.DefaultListableBeanFactory: Creating instance of bean 'securityServiceDao'
DEBUG 2017-04-12 11:54:25,091 [AWT-EventQueue-0] org.springframework.beans.factory.annotation.InjectionMetadata: Registered injected element on class [co.com.sistema.sistemainformacion.service.impl.SecurityServiceDaoImpl]: AutowiredFieldElement for private co.com.sistema.sistemainformacion.repository.dao.SecurityDao co.com.sistema.sistemainformacion.service.impl.SecurityServiceDaoImpl.securityDao
DEBUG 2017-04-12 11:54:25,091 [AWT-EventQueue-0] org.springframework.beans.factory.support.DefaultListableBeanFactory: Eagerly caching bean 'securityServiceDao' to allow for resolving potential circular references
DEBUG 2017-04-12 11:54:25,092 [AWT-EventQueue-0] org.springframework.beans.factory.annotation.InjectionMetadata: Processing injected element of bean 'securityServiceDao': AutowiredFieldElement for private co.com.sistema.sistemainformacion.repository.dao.SecurityDao co.com.sistema.sistemainformacion.service.impl.SecurityServiceDaoImpl.securityDao
DEBUG 2017-04-12 11:54:25,093 [AWT-EventQueue-0] org.springframework.beans.factory.support.DefaultListableBeanFactory: Returning cached instance of singleton bean 'securityDaoImpl'
DEBUG 2017-04-12 11:54:25,093 [AWT-EventQueue-0] org.springframework.beans.factory.annotation.AutowiredAnnotationBeanPostProcessor: Autowiring by type from bean name 'securityServiceDao' to bean named 'securityDaoImpl'
DEBUG 2017-04-12 11:54:25,095 [AWT-EventQueue-0] org.springframework.beans.factory.support.DefaultListableBeanFactory: Finished creating instance of bean 'securityServiceDao'
DEBUG 2017-04-12 11:54:25,096 [AWT-EventQueue-0] org.springframework.beans.factory.support.DefaultListableBeanFactory: Creating shared instance of singleton bean 'logginAspect'
DEBUG 2017-04-12 11:54:25,096 [AWT-EventQueue-0] org.springframework.beans.factory.support.DefaultListableBeanFactory: Creating instance of bean 'logginAspect'
DEBUG 2017-04-12 11:54:25,102 [AWT-EventQueue-0] org.springframework.beans.factory.support.DefaultListableBeanFactory: Eagerly caching bean 'logginAspect' to allow for resolving potential circular references
DEBUG 2017-04-12 11:54:25,103 [AWT-EventQueue-0] org.springframework.beans.factory.support.DefaultListableBeanFactory: Finished creating instance of bean 'logginAspect'
DEBUG 2017-04-12 11:54:25,103 [AWT-EventQueue-0] org.springframework.beans.factory.support.DefaultListableBeanFactory: Returning cached instance of singleton bean 'dataSource'
DEBUG 2017-04-12 11:54:25,103 [AWT-EventQueue-0] org.springframework.beans.factory.support.DefaultListableBeanFactory: Returning cached instance of singleton bean 'jdbcTemplate'
DEBUG 2017-04-12 11:54:25,103 [AWT-EventQueue-0] org.springframework.beans.factory.support.DefaultListableBeanFactory: Creating shared instance of singleton bean 'myAspect'
DEBUG 2017-04-12 11:54:25,103 [AWT-EventQueue-0] org.springframework.beans.factory.support.DefaultListableBeanFactory: Creating instance of bean 'myAspect'
DEBUG 2017-04-12 11:54:25,103 [AWT-EventQueue-0] org.springframework.beans.factory.support.DefaultListableBeanFactory: Returning cached instance of singleton bean 'applicationContext'
DEBUG 2017-04-12 11:54:25,104 [AWT-EventQueue-0] org.springframework.beans.factory.support.DefaultListableBeanFactory: Eagerly caching bean 'myAspect' to allow for resolving potential circular references
DEBUG 2017-04-12 11:54:25,104 [AWT-EventQueue-0] org.springframework.beans.factory.support.DefaultListableBeanFactory: Finished creating instance of bean 'myAspect'
DEBUG 2017-04-12 11:54:25,104 [AWT-EventQueue-0] org.springframework.beans.factory.support.DefaultListableBeanFactory: Returning cached instance of singleton bean 'org.springframework.aop.config.internalAutoProxyCreator'
DEBUG 2017-04-12 11:54:25,104 [AWT-EventQueue-0] org.springframework.beans.factory.support.DefaultListableBeanFactory: Returning cached instance of singleton bean 'org.springframework.context.event.internalEventListenerFactory'
DEBUG 2017-04-12 11:54:25,121 [AWT-EventQueue-0] org.springframework.context.annotation.AnnotationConfigApplicationContext: Unable to locate LifecycleProcessor with name 'lifecycleProcessor': using default [org.springframework.context.support.DefaultLifecycleProcessor@6d54918f]
DEBUG 2017-04-12 11:54:25,122 [AWT-EventQueue-0] org.springframework.beans.factory.support.DefaultListableBeanFactory: Returning cached instance of singleton bean 'lifecycleProcessor'
DEBUG 2017-04-12 11:54:25,123 [AWT-EventQueue-0] org.springframework.core.env.PropertySourcesPropertyResolver: Could not find key 'spring.liveBeansView.mbeanDomain' in any property source
DEBUG 2017-04-12 11:54:28,545 [AWT-EventQueue-0] org.springframework.beans.factory.support.DefaultListableBeanFactory: Returning cached instance of singleton bean 'securityServiceDao'
DEBUG 2017-04-12 11:54:32,444 [AWT-EventQueue-0] org.springframework.beans.factory.support.DefaultListableBeanFactory: Returning cached instance of singleton bean 'logginAspect'
DEBUG 2017-04-12 11:54:32,568 [AWT-EventQueue-0] co.com.sistema.sistemainformacion.utils.LogginAspect: *============================ BEFORE > > > ["a","H4tRJnaf2lw="]
DEBUG 2017-04-12 11:54:32,569 [AWT-EventQueue-0] org.springframework.beans.factory.support.DefaultListableBeanFactory: Returning cached instance of singleton bean 'myAspect'
DEBUG 2017-04-12 11:54:32,570 [AWT-EventQueue-0] co.com.sistema.sistemainformacion.utils.LogginAspect: *============================ BEFORE > > > ["a","H4tRJnaf2lw="]
DEBUG 2017-04-12 11:54:32,571 [AWT-EventQueue-0] org.springframework.jdbc.core.JdbcTemplate: Executing prepared SQL query
DEBUG 2017-04-12 11:54:32,572 [AWT-EventQueue-0] org.springframework.jdbc.core.JdbcTemplate: Executing prepared SQL statement [SELECT user.user_key, user.cedula, user.usuario, user.nombres, user.apellidos, user.direccion, user.fecha_nacimiento, user.celular,        roles.rol,        permision.permiso_menu, permision.permiso_consultar_usuarios, permision.permiso_crear_usuarios, permision.permiso_actualizar_usuarios, permision.permiso_eliminar_usuarios FROM politica.tbl_sec_user user INNER JOIN politica.tbls_sec_detail detail ON (user.user_key = detail.user_key)                                 INNER JOIN politica.tbl_sec_roles roles ON (roles.rol_key = detail.rol_key)                                INNER JOIN politica.tbl_sec_permissions permision ON (permision.permission_key = detail.permission_key) WHERE user.usuario  = ? AND   user.password = ? ]
DEBUG 2017-04-12 11:54:32,574 [AWT-EventQueue-0] org.springframework.jdbc.datasource.DataSourceUtils: Fetching JDBC Connection from DataSource
DEBUG 2017-04-12 11:54:32,574 [AWT-EventQueue-0] org.springframework.jdbc.datasource.DriverManagerDataSource: Creating new JDBC DriverManager Connection to [jdbc:mysql://localhost:3306/politica]
DEBUG 2017-04-12 11:54:32,790 [AWT-EventQueue-0] org.springframework.jdbc.datasource.DataSourceUtils: Returning JDBC Connection to DataSource
DEBUG 2017-04-12 11:54:32,792 [AWT-EventQueue-0] co.com.sistema.sistemainformacion.utils.LogginAspect: *============================ AROUND > > > ============================ INICIANDO METODO > > > co.com.sistema.sistemainformacion.repository.impl.SecurityDaoImpl(a,H4tRJnaf2lw=)
DEBUG 2017-04-12 11:54:32,793 [AWT-EventQueue-0] co.com.sistema.sistemainformacion.utils.LogginAspect: *============================ AFTER > > > ["a","H4tRJnaf2lw="]
DEBUG 2017-04-12 11:54:32,793 [AWT-EventQueue-0] co.com.sistema.sistemainformacion.utils.LogginAspect: *============================ DESPUES DEL RETURNING > > > null
DEBUG 2017-04-12 11:54:32,793 [AWT-EventQueue-0] co.com.sistema.sistemainformacion.utils.LogginAspect: *============================ AROUND > > > ============================ INICIANDO METODO > > > co.com.sistema.sistemainformacion.repository.impl.SecurityDaoImpl(a,H4tRJnaf2lw=)
DEBUG 2017-04-12 11:54:32,793 [AWT-EventQueue-0] co.com.sistema.sistemainformacion.utils.LogginAspect: *============================ AFTER > > > ["a","H4tRJnaf2lw="]
DEBUG 2017-04-12 11:54:32,793 [AWT-EventQueue-0] co.com.sistema.sistemainformacion.utils.LogginAspect: *============================ DESPUES DEL RETURNING > > > null
